<?xml version="1.0" encoding="utf-8"?><testsuites name="pytest tests"><testsuite name="pytest" errors="0" failures="0" skipped="0" tests="28" time="1.818" timestamp="2025-11-25T20:09:47.049631+01:00" hostname="DESKTOP-M8HDRMK"><testcase classname="tests.test_db_insertions" name="test_insert_sensor_reading_persists_payload" time="0.161" /><testcase classname="tests.test_db_insertions" name="test_insert_sensor_reading_stores_false_flag_and_extremes" time="0.162" /><testcase classname="tests.test_db_insertions" name="test_insert_metric_record_stores_critical_value" time="0.145" /><testcase classname="tests.test_db_insertions" name="test_insert_metric_record_preserves_status_colors[yellow-22.0]" time="0.143" /><testcase classname="tests.test_db_insertions" name="test_insert_metric_record_preserves_status_colors[orange-30.0]" time="0.146" /><testcase classname="tests.test_db_insertions" name="test_insert_metric_record_preserves_status_colors[red-33.0]" time="0.151" /><testcase classname="tests.test_db_insertions" name="test_insert_alert_record_writes_severity" time="0.229" /><testcase classname="tests.test_db_insertions" name="test_insert_alert_record_handles_warning_and_message" time="0.183" /><testcase classname="tests.test_db_insertions" name="test_insert_ventilation_record_serializes_reasons" time="0.200" /><testcase classname="tests.test_db_insertions" name="test_insert_ventilation_record_handles_empty_reasons" time="0.131" /><testcase classname="tests.test_metrics_and_hvac" name="test_evaluate_all_metrics_builds_status_and_alerts" time="0.001" /><testcase classname="tests.test_metrics_and_hvac" name="test_evaluate_all_metrics_tracks_color_bands_and_severities" time="0.001" /><testcase classname="tests.test_metrics_and_hvac" name="test_hvac_prioritizes_emergency_purge_on_high_co" time="0.000" /><testcase classname="tests.test_metrics_and_hvac" name="test_hvac_adjusts_for_pm_warning" time="0.000" /><testcase classname="tests.test_metrics_and_hvac" name="test_hvac_handles_heat_and_pressure_offsets" time="0.000" /><testcase classname="tests.test_metrics_and_hvac" name="test_hvac_balances_pressure_in_both_directions" time="0.000" /><testcase classname="tests.test_metrics_and_hvac" name="test_hvac_defaults_clamp_and_reason_deduplication" time="0.000" /><testcase classname="tests.test_metrics_and_hvac" name="test_process_pm_metrics_inserts_alerts_for_non_green" time="0.001" /><testcase classname="tests.test_metrics_and_hvac" name="test_process_co_alerts_emits_all_types" time="0.001" /><testcase classname="tests.test_metrics_and_hvac" name="test_environment_classifiers_return_expected_levels[21.0-classify_temp-green]" time="0.001" /><testcase classname="tests.test_metrics_and_hvac" name="test_environment_classifiers_return_expected_levels[25.0-classify_temp-yellow]" time="0.001" /><testcase classname="tests.test_metrics_and_hvac" name="test_environment_classifiers_return_expected_levels[29.9-classify_temp-orange]" time="0.001" /><testcase classname="tests.test_metrics_and_hvac" name="test_environment_classifiers_return_expected_levels[980.0-classify_pressure-green]" time="0.001" /><testcase classname="tests.test_metrics_and_hvac" name="test_environment_classifiers_return_expected_levels[960.0-classify_pressure-yellow-low]" time="0.001" /><testcase classname="tests.test_metrics_and_hvac" name="test_environment_classifiers_return_expected_levels[1140.0-classify_pressure-dark-red-high]" time="0.001" /><testcase classname="tests.test_metrics_and_hvac" name="test_wbgt_severity_and_wet_bulb_estimate" time="0.000" /><testcase classname="tests.test_validate_payload" name="test_validate_payload_converts_and_validates_fields" time="0.000" /><testcase classname="tests.test_validate_payload" name="test_validate_payload_missing_field_raises_value_error" time="0.001" /></testsuite></testsuites>